<?xml version="1.0" encoding="UTF-8"?>
<robot generator="Robot 4.0.3 (Python 3.8.10 on linux)" generated="20210916 18:41:02.706" rpa="false" schemaversion="2">
<suite id="s1" name="RF tests for PS portal" source="/home/alex/PycharmProjects/RobotTests_Python/Robot_Tests_185.25.116.133_4242_PS/RF_tests_for_PS_portal.robot">
<test id="s1-t1" name="TC1 Open main page in headless chome">
<kw name="Open Browser Chrome">
<arg>${logo_page}</arg>
<arg>${BROWSER_headless}</arg>
<doc>Відкрити хромбраузер в хедлессмоді</doc>
<kw name="Open Browser" library="SeleniumLibrary">
<arg>${BROWSER_headless}</arg>
<arg>${logo_page}</arg>
<doc>Opens a new browser instance to the optional ``url``.</doc>
<msg timestamp="20210916 18:41:02.843" level="INFO">Opening browser 'headlesschrome' to base url 'https://prozorro.sale/'.</msg>
<status status="PASS" starttime="20210916 18:41:02.842" endtime="20210916 18:41:05.326"/>
</kw>
<kw name="Maximize Browser Window" library="SeleniumLibrary">
<doc>Maximizes current browser window.</doc>
<status status="PASS" starttime="20210916 18:41:05.326" endtime="20210916 18:41:05.430"/>
</kw>
<status status="PASS" starttime="20210916 18:41:02.842" endtime="20210916 18:41:05.430"/>
</kw>
<status status="PASS" starttime="20210916 18:41:02.841" endtime="20210916 18:41:05.431"/>
</test>
<test id="s1-t2" name="ТС7 Key word search">
<kw name="Go To" library="SeleniumLibrary">
<arg>${main_page}</arg>
<doc>Navigates the current browser window to the provided ``url``.</doc>
<msg timestamp="20210916 18:41:05.432" level="INFO">Opening url 'http://185.25.116.133:4242/'</msg>
<status status="PASS" starttime="20210916 18:41:05.432" endtime="20210916 18:41:06.805"/>
</kw>
<kw name="Maximize Browser Window" library="SeleniumLibrary">
<doc>Maximizes current browser window.</doc>
<status status="PASS" starttime="20210916 18:41:06.805" endtime="20210916 18:41:06.875"/>
</kw>
<kw name="Click Button" library="SeleniumLibrary">
<arg>${lctr_btn_kluch_slovo}</arg>
<doc>Clicks the button identified by ``locator``.</doc>
<msg timestamp="20210916 18:41:06.876" level="INFO">Clicking button 'xpath=//*[@id="__next"]/div[2]/div/div[2]/button[1]'.</msg>
<status status="PASS" starttime="20210916 18:41:06.875" endtime="20210916 18:41:07.000"/>
</kw>
<kw name="Sleep" library="BuiltIn">
<arg>5s</arg>
<doc>Pauses the test executed for the given time.</doc>
<msg timestamp="20210916 18:41:12.001" level="INFO">Slept 5 seconds</msg>
<status status="PASS" starttime="20210916 18:41:07.001" endtime="20210916 18:41:12.001"/>
</kw>
<kw name="Capture Page Screenshot" library="SeleniumLibrary">
<doc>Takes a screenshot of the current page and embeds it into a log file.</doc>
<msg timestamp="20210916 18:41:12.080" level="INFO" html="true">&lt;/td&gt;&lt;/tr&gt;&lt;tr&gt;&lt;td colspan="3"&gt;&lt;a href="selenium-screenshot-9.png"&gt;&lt;img src="selenium-screenshot-9.png" width="800px"&gt;&lt;/a&gt;</msg>
<status status="PASS" starttime="20210916 18:41:12.002" endtime="20210916 18:41:12.080"/>
</kw>
<kw name="Input Text" library="SeleniumLibrary">
<arg>xpath=//input[@name="query"]</arg>
<arg>брухт</arg>
<doc>Types the given ``text`` into the text field identified by ``locator``.</doc>
<msg timestamp="20210916 18:41:12.081" level="INFO">Typing text 'брухт' into text field 'xpath=//input[@name="query"]'.</msg>
<status status="PASS" starttime="20210916 18:41:12.080" endtime="20210916 18:41:12.159"/>
</kw>
<kw name="Capture Page Screenshot" library="SeleniumLibrary">
<doc>Takes a screenshot of the current page and embeds it into a log file.</doc>
<msg timestamp="20210916 18:41:12.252" level="INFO" html="true">&lt;/td&gt;&lt;/tr&gt;&lt;tr&gt;&lt;td colspan="3"&gt;&lt;a href="selenium-screenshot-10.png"&gt;&lt;img src="selenium-screenshot-10.png" width="800px"&gt;&lt;/a&gt;</msg>
<status status="PASS" starttime="20210916 18:41:12.159" endtime="20210916 18:41:12.252"/>
</kw>
<kw name="Log Many" library="BuiltIn">
<arg>${znaideno elements}</arg>
<doc>Logs the given messages as separate entries using the INFO level.</doc>
<msg timestamp="20210916 18:41:12.253" level="INFO">xpath=//span[@data-test-id="znaideno_value"]</msg>
<status status="PASS" starttime="20210916 18:41:12.253" endtime="20210916 18:41:12.253"/>
</kw>
<kw name="Get Text" library="SeleniumLibrary">
<arg>${znaideno and value}</arg>
<doc>Returns the text value of the element identified by ``locator``.</doc>
<status status="PASS" starttime="20210916 18:41:12.253" endtime="20210916 18:41:12.282"/>
</kw>
<kw name="Close All Browsers" library="SeleniumLibrary">
<doc>Closes all open browsers and resets the browser cache.</doc>
<status status="PASS" starttime="20210916 18:41:12.282" endtime="20210916 18:41:12.340"/>
</kw>
<doc>Пошук по ключовому слову</doc>
<status status="PASS" starttime="20210916 18:41:05.431" endtime="20210916 18:41:12.340"/>
</test>
<status status="PASS" starttime="20210916 18:41:02.708" endtime="20210916 18:41:12.341"/>
</suite>
<statistics>
<total>
<stat pass="2" fail="0" skip="0">All Tests</stat>
</total>
<tag>
</tag>
<suite>
<stat pass="2" fail="0" skip="0" id="s1" name="RF tests for PS portal">RF tests for PS portal</stat>
</suite>
</statistics>
<errors>
<msg timestamp="20210916 18:41:02.840" level="ERROR">Error in file '/home/alex/PycharmProjects/RobotTests_Python/Robot_Tests_185.25.116.133_4242_PS/RF_tests_for_PS_portal.robot' on line 4: Processing variable file '/home/alex/PycharmProjects/RobotTests_Python/robotTests_test.tender-online.com.ua/Resources/locators.py' failed: Importing variable file '/home/alex/PycharmProjects/RobotTests_Python/robotTests_test.tender-online.com.ua/Resources/locators.py' failed: SyntaxError: invalid syntax (locators.py, line 9)
Traceback (most recent call last):
  None
PYTHONPATH:
  /usr/local/bin
  /usr/lib/python38.zip
  /usr/lib/python3.8
  /usr/lib/python3.8/lib-dynload
  /home/alex/.local/lib/python3.8/site-packages
  /usr/local/lib/python3.8/dist-packages
  /usr/lib/python3/dist-packages</msg>
</errors>
</robot>
